[7/23/2026 10:33:41 AM] [ERROR] mysql_connect_file: handle error: syntax error in connection file (line: "password =")
[7/23/2026 10:33:41 AM] [ERROR] mysql_errno: invalid connection handle '0'
[7/23/2026 10:34:44 AM] [ERROR] mysql_connect_file: handle error: syntax error in connection file (line: "password =")
[7/23/2026 10:34:44 AM] [ERROR] mysql_errno: invalid connection handle '0'
[7/23/2026 10:37:08 AM] [ERROR] mysql_connect_file: handle error: syntax error in connection file (line: "password =")
[7/23/2026 10:37:08 AM] [ERROR] mysql_errno: invalid connection handle '0'
[7/23/2026 10:38:25 AM] [ERROR] mysql_connect_file: handle error: syntax error in connection file (line: "password =")
[7/23/2026 10:38:25 AM] [ERROR] mysql_errno: invalid connection handle '0'
[7/23/2026 10:39:16 AM] [ERROR] mysql_connect_file: handle error: syntax error in connection file (line: "password =")
[7/23/2026 10:39:16 AM] [ERROR] mysql_errno: invalid connection handle '0'
[7/23/2026 10:41:16 AM] [ERROR] mysql_connect_file: handle error: syntax error in connection file (line: "password =")
[7/23/2026 10:41:16 AM] [ERROR] mysql_errno: invalid connection handle '0'
[7/23/2026 10:43:09 AM] [ERROR] mysql_connect_file: handle error: unknown field in connection file (field: "autoreconnect")
[7/23/2026 10:43:09 AM] [ERROR] mysql_errno: invalid connection handle '0'
[7/23/2026 10:43:44 AM] [WARNING] mysql_connect: no password specified
[7/23/2026 10:44:22 AM] [WARNING] mysql_connect: no password specified
[7/23/2026 10:46:16 AM] [WARNING] mysql_connect: no password specified
[7/23/2026 10:58:45 AM] [WARNING] mysql_connect: no password specified
[7/23/2026 12:39:58 PM] [WARNING] mysql_connect: no password specified
[7/23/2026 12:42:23 PM] [WARNING] mysql_connect: no password specified
[7/23/2026 12:43:25 PM] [WARNING] mysql_connect: no password specified
[7/23/2026 1:40:44 PM] [WARNING] mysql_connect: no password specified
[7/23/2026 1:57:49 PM] [WARNING] mysql_connect: no password specified
[7/23/2026 1:58:36 PM] [WARNING] mysql_connect: no password specified
[7/23/2026 2:05:50 PM] [WARNING] mysql_connect: no password specified
[7/23/2026 2:06:23 PM] [WARNING] mysql_connect: no password specified
[7/23/2026 2:07:46 PM] [WARNING] mysql_connect: no password specified
[7/23/2026 2:07:48 PM] [ERROR] CConnection::CConnection - establishing connection to MySQL database failed: #2002 'Can't connect to MySQL server on '127.0.0.1' (10061)'
[7/23/2026 2:07:50 PM] [ERROR] CConnection::CConnection - establishing connection to MySQL database failed: #2002 'Can't connect to MySQL server on '127.0.0.1' (10061)'
[7/23/2026 2:07:52 PM] [ERROR] CConnection::CConnection - establishing connection to MySQL database failed: #2002 'Can't connect to MySQL server on '127.0.0.1' (10061)'
[7/23/2026 2:07:54 PM] [ERROR] CConnection::CConnection - establishing connection to MySQL database failed: #2002 'Can't connect to MySQL server on '127.0.0.1' (10061)'
[7/23/2026 2:08:55 PM] [WARNING] mysql_connect: no password specified
[7/23/2026 2:27:02 PM] [WARNING] mysql_connect: no password specified
[7/23/2026 2:27:08 PM] [WARNING] mysql_connect: no password specified
[7/23/2026 2:27:42 PM] [WARNING] mysql_connect: no password specified
[7/23/2026 2:29:20 PM] [WARNING] mysql_connect: no password specified
[7/23/2026 2:29:24 PM] [WARNING] mysql_connect: no password specified
[7/23/2026 2:29:54 PM] [WARNING] mysql_connect: no password specified
[7/23/2026 2:38:53 PM] [WARNING] mysql_connect: no password specified
[7/23/2026 2:38:56 PM] [WARNING] mysql_connect: no password specified
[7/23/2026 2:38:59 PM] [WARNING] mysql_connect: no password specified
[7/23/2026 2:39:02 PM] [WARNING] mysql_connect: no password specified
[7/23/2026 2:52:13 PM] [WARNING] mysql_connect: no password specified
[7/23/2026 3:01:04 PM] [WARNING] mysql_connect: no password specified
[7/23/2026 3:27:13 PM] [WARNING] mysql_connect: no password specified
[7/23/2026 3:54:10 PM] [WARNING] mysql_connect: no password specified
[7/23/2026 4:08:52 PM] [WARNING] mysql_connect: no password specified
[7/23/2026 4:11:35 PM] [WARNING] mysql_connect: no password specified
[7/23/2026 4:13:56 PM] [WARNING] mysql_connect: no password specified
[7/23/2026 4:26:01 PM] [WARNING] mysql_connect: no password specified
[7/23/2026 4:26:30 PM] [WARNING] mysql_connect: no password specified
[7/23/2026 4:30:05 PM] [WARNING] mysql_connect: no password specified
[7/23/2026 4:31:45 PM] [WARNING] mysql_connect: no password specified
[7/23/2026 4:31:55 PM] [WARNING] mysql_connect: no password specified
[7/23/2026 4:33:57 PM] [WARNING] mysql_connect: no password specified
[7/23/2026 4:34:04 PM] [WARNING] mysql_connect: no password specified
[7/23/2026 4:34:08 PM] [WARNING] mysql_connect: no password specified
[7/23/2026 4:34:38 PM] [WARNING] mysql_connect: no password specified
[7/23/2026 4:34:46 PM] [WARNING] mysql_connect: no password specified
[7/23/2026 4:57:15 PM] [WARNING] mysql_connect: no password specified
[7/23/2026 5:00:18 PM] [WARNING] mysql_connect: no password specified
[7/23/2026 5:01:36 PM] [WARNING] mysql_connect: no password specified
[7/23/2026 5:01:40 PM] [WARNING] mysql_connect: no password specified
[7/23/2026 5:42:44 PM] [WARNING] mysql_connect: no password specified
[7/23/2026 5:43:13 PM] [ERROR] error #1146 while executing query "SELECT `vehicle_id`, `model_id`, `plate`, `color_1`, `color_2`, `park_x`, `park_y`, `park_z`, `park_a`, `interior_id`, `virtual_world`, `health`, `panels_damage`, `doors_damage`, `lights_damage`, `tyres_damage`, `mileage_km`, `storage_state`, `is_favorite`, `is_locked`, `gps_installed`, `gps_active`, `theft_state`, COALESCE(`last_driver_character_id`, 0) AS `last_driver_character_id` FROM `player_vehicles` WHERE `owner_character_id` = 6 AND `deleted_at` IS NULL ORDER BY `is_favorite` DESC, `vehicle_id` ASC LIMIT 20": Table 'lsrp.player_vehicles' doesn't exist
[7/23/2026 5:48:48 PM] [WARNING] mysql_connect: no password specified
[7/23/2026 5:53:16 PM] [WARNING] mysql_connect: no password specified
[7/23/2026 5:54:44 PM] [ERROR] error #1146 while executing query "SELECT `vehicle_id`, `model_id`, `plate`, `color_1`, `color_2`, `park_x`, `park_y`, `park_z`, `park_a`, `interior_id`, `virtual_world`, `health`, `panels_damage`, `doors_damage`, `lights_damage`, `tyres_damage`, `mileage_km`, `storage_state`, `is_favorite`, `is_locked`, `gps_installed`, `gps_active`, `theft_state`, COALESCE(`last_driver_character_id`, 0) AS `last_driver_character_id` FROM `player_vehicles` WHERE `owner_character_id` = 7 AND `deleted_at` IS NULL ORDER BY `is_favorite` DESC, `vehicle_id` ASC LIMIT 20": Table 'lsrp.player_vehicles' doesn't exist
[7/23/2026 5:58:41 PM] [WARNING] mysql_connect: no password specified
[7/23/2026 5:59:57 PM] [ERROR] error #1146 while executing query "SELECT `vehicle_id`, `model_id`, `plate`, `color_1`, `color_2`, `park_x`, `park_y`, `park_z`, `park_a`, `interior_id`, `virtual_world`, `health`, `panels_damage`, `doors_damage`, `lights_damage`, `tyres_damage`, `mileage_km`, `storage_state`, `is_favorite`, `is_locked`, `gps_installed`, `gps_active`, `theft_state`, COALESCE(`last_driver_character_id`, 0) AS `last_driver_character_id` FROM `player_vehicles` WHERE `owner_character_id` = 6 AND `deleted_at` IS NULL ORDER BY `is_favorite` DESC, `vehicle_id` ASC LIMIT 20": Table 'lsrp.player_vehicles' doesn't exist
[7/23/2026 6:01:45 PM] [WARNING] mysql_connect: no password specified
[7/23/2026 6:10:09 PM] [WARNING] mysql_connect: no password specified
[7/23/2026 6:18:19 PM] [WARNING] mysql_connect: no password specified
[7/23/2026 6:29:38 PM] [WARNING] mysql_connect: no password specified
[7/23/2026 6:31:56 PM] [WARNING] mysql_connect: no password specified
[7/23/2026 6:32:00 PM] [WARNING] mysql_connect: no password specified
[7/23/2026 6:42:39 PM] [WARNING] mysql_connect: no password specified
[7/23/2026 6:49:50 PM] [WARNING] mysql_connect: no password specified
[7/23/2026 6:51:19 PM] [WARNING] mysql_connect: no password specified
[7/23/2026 6:52:05 PM] [WARNING] mysql_connect: no password specified
[7/23/2026 6:52:11 PM] [WARNING] mysql_connect: no password specified
[7/23/2026 6:52:17 PM] [WARNING] mysql_connect: no password specified
[7/23/2026 6:52:23 PM] [WARNING] mysql_connect: no password specified
[7/23/2026 6:52:30 PM] [WARNING] mysql_connect: no password specified
[7/23/2026 6:52:47 PM] [WARNING] mysql_connect: no password specified
[7/23/2026 6:53:41 PM] [WARNING] mysql_connect: no password specified
[7/23/2026 6:54:37 PM] [WARNING] mysql_connect: no password specified
[7/23/2026 6:57:38 PM] [WARNING] mysql_connect: no password specified
[7/23/2026 7:01:34 PM] [WARNING] mysql_connect: no password specified
[7/23/2026 7:01:40 PM] [WARNING] mysql_connect: no password specified
[7/23/2026 7:01:50 PM] [WARNING] mysql_connect: no password specified
[7/23/2026 7:04:06 PM] [WARNING] mysql_connect: no password specified
[7/23/2026 7:04:21 PM] [WARNING] mysql_connect: no password specified
[7/23/2026 7:23:34 PM] [WARNING] mysql_connect: no password specified
[7/23/2026 7:29:06 PM] [WARNING] mysql_connect: no password specified
[7/23/2026 7:41:23 PM] [WARNING] mysql_connect: no password specified
[7/23/2026 7:48:54 PM] [WARNING] mysql_connect: no password specified
[7/23/2026 8:01:36 PM] [WARNING] mysql_connect: no password specified
[7/23/2026 8:09:40 PM] [WARNING] mysql_connect: no password specified
[7/23/2026 8:32:33 PM] [WARNING] mysql_connect: no password specified
[7/23/2026 8:41:42 PM] [WARNING] mysql_connect: no password specified
[7/23/2026 8:42:16 PM] [ERROR] error #1054 while executing query "SELECT `job_type`,`experience`,`completed_runs`,`completed_tasks`,`best_streak`,`total_earnings`,`is_employed`,COALESCE(DATE_FORMAT(`hired_at`,'%Y-%m-%d %H:%i:%s'),'') AS `hired_at`,`daily_salary`,`daily_allowance` FROM `character_jobs` WHERE `character_id`=1;": Unknown column 'is_employed' in 'field list'
[7/23/2026 9:10:03 PM] [WARNING] mysql_connect: no password specified
[7/23/2026 9:11:00 PM] [ERROR] error #1054 while executing query "SELECT `job_type`,`experience`,`completed_runs`,`completed_tasks`,`best_streak`,`total_earnings`,`is_employed`,COALESCE(DATE_FORMAT(`hired_at`,'%Y-%m-%d %H:%i:%s'),'') AS `hired_at`,`daily_salary`,`daily_allowance` FROM `character_jobs` WHERE `character_id`=4;": Unknown column 'is_employed' in 'field list'
[7/23/2026 9:49:06 PM] [WARNING] mysql_connect: no password specified
[7/23/2026 9:49:37 PM] [ERROR] error #1054 while executing query "SELECT `job_type`,`experience`,`completed_runs`,`completed_tasks`,`best_streak`,`total_earnings`,`is_employed`,COALESCE(DATE_FORMAT(`hired_at`,'%Y-%m-%d %H:%i:%s'),'') AS `hired_at`,`daily_salary`,`daily_allowance` FROM `character_jobs` WHERE `character_id`=1;": Unknown column 'is_employed' in 'field list'
[7/23/2026 10:14:42 PM] [WARNING] mysql_connect: no password specified
[7/23/2026 10:15:37 PM] [ERROR] error #1054 while executing query "SELECT `job_type`,`experience`,`completed_runs`,`completed_tasks`,`best_streak`,`total_earnings`,`is_employed`,COALESCE(DATE_FORMAT(`hired_at`,'%Y-%m-%d %H:%i:%s'),'') AS `hired_at`,`daily_salary`,`daily_allowance` FROM `character_jobs` WHERE `character_id`=15;": Unknown column 'is_employed' in 'field list'
[7/23/2026 10:31:56 PM] [WARNING] mysql_connect: no password specified
[7/23/2026 10:32:25 PM] [ERROR] error #1054 while executing query "SELECT `job_type`,`experience`,`completed_runs`,`completed_tasks`,`best_streak`,`total_earnings`,`is_employed`,COALESCE(DATE_FORMAT(`hired_at`,'%Y-%m-%d %H:%i:%s'),'') AS `hired_at`,`daily_salary`,`daily_allowance` FROM `character_jobs` WHERE `character_id`=1;": Unknown column 'is_employed' in 'field list'
[7/23/2026 10:48:09 PM] [WARNING] mysql_connect: no password specified
[7/23/2026 11:00:39 PM] [WARNING] mysql_connect: no password specified
[7/24/2026 8:38:31 AM] [WARNING] mysql_connect: no password specified
[7/24/2026 10:00:53 AM] [WARNING] mysql_connect: no password specified
[7/24/2026 10:00:59 AM] [WARNING] mysql_connect: no password specified
[7/24/2026 10:01:30 AM] [WARNING] mysql_connect: no password specified
[7/24/2026 11:07:18 AM] [WARNING] mysql_connect: no password specified
[7/24/2026 11:29:51 AM] [WARNING] mysql_connect: no password specified
[7/24/2026 11:32:27 AM] [WARNING] mysql_connect: no password specified
[7/24/2026 11:32:44 AM] [WARNING] mysql_connect: no password specified
[7/24/2026 11:32:48 AM] [WARNING] mysql_connect: no password specified
[7/24/2026 11:46:37 AM] [WARNING] mysql_connect: no password specified
